\BOOKMARK [1][-]{chapter*.4}{\376\377\000A\000\040\000f\000i\000r\000s\000t\000\040\000u\000n\000n\000u\000m\000b\000e\000r\000e\000d\000\040\000s\000e\000c\000t\000i\000o\000n}{}% 1
\BOOKMARK [1][-]{chapter*.4}{\376\377\000A\000n\000o\000t\000h\000e\000r\000\040\000u\000n\000n\000u\000m\000b\000e\000r\000e\000d\000\040\000s\000e\000c\000t\000i\000o\000n}{}% 2
\BOOKMARK [1][-]{chapter*.4}{\376\377\000A\000b\000o\000u\000t\000\040\000t\000h\000i\000s\000\040\000t\000h\000e\000s\000i\000s\000\040\000w\000o\000r\000k}{}% 3
\BOOKMARK [0][-]{chapter.1}{\376\377\000T\000h\000i\000s\000\040\000i\000s\000\040\000t\000h\000e\000\040\000f\000i\000r\000s\000t\000\040\000c\000h\000a\000p\000t\000e\000r}{}% 4
\BOOKMARK [1][-]{section.1.1}{\376\377\000T\000y\000p\000o\000g\000r\000a\000p\000h\000y\000\040\000\046\000\040\000m\000a\000t\000h}{chapter.1}% 5
\BOOKMARK [1][-]{section.1.2}{\376\377\000T\000O\000D\000O\000s}{chapter.1}% 6
\BOOKMARK [1][-]{section.1.3}{\376\377\000L\000i\000s\000t\000s}{chapter.1}% 7
\BOOKMARK [2][-]{subsection.1.3.1}{\376\377\000I\000t\000e\000m\000i\000z\000e}{section.1.3}% 8
\BOOKMARK [2][-]{subsection.1.3.2}{\376\377\000E\000n\000u\000m\000e\000r\000a\000t\000e}{section.1.3}% 9
\BOOKMARK [2][-]{subsection.1.3.3}{\376\377\000D\000e\000s\000c\000r\000i\000p\000t\000i\000o\000n}{section.1.3}% 10
\BOOKMARK [2][-]{subsection.1.3.4}{\376\377\000C\000u\000s\000t\000o\000m\000\040\000e\000n\000u\000m\000e\000r\000a\000t\000e}{section.1.3}% 11
\BOOKMARK [2][-]{subsection.1.3.5}{\376\377\000I\000n\000l\000i\000n\000e\000\040\000e\000n\000u\000m\000e\000r\000a\000t\000e}{section.1.3}% 12
\BOOKMARK [1][-]{section.1.4}{\376\377\000T\000a\000b\000l\000e\000s}{chapter.1}% 13
\BOOKMARK [1][-]{section.1.5}{\376\377\000A\000l\000g\000o\000r\000i\000t\000h\000m\000s}{chapter.1}% 14
\BOOKMARK [1][-]{section.1.6}{\376\377\000L\000i\000s\000t\000i\000n\000g\000s}{chapter.1}% 15
\BOOKMARK [1][-]{section.1.7}{\376\377\000L\000i\000s\000t\000i\000n\000g\000s\000,\000\040\000A\000l\000g\000o\000r\000i\000t\000h\000m\000\040\000a\000n\000d\000\040\000T\000a\000b\000l\000e\000:\000\040\000c\000o\000n\000s\000i\000s\000t\000e\000n\000t\000\040\000s\000t\000y\000l\000i\000n\000g}{chapter.1}% 16
\BOOKMARK [0][-]{chapter.2}{\376\377\000S\000e\000c\000o\000n\000d\000\040\000c\000h\000a\000p\000t\000e\000r}{}% 17
\BOOKMARK [1][-]{chapter*.10}{\376\377\000S\000o\000m\000e\000\040\000s\000e\000c\000t\000i\000o\000n}{chapter.2}% 18
\BOOKMARK [1][-]{chapter*.10}{\376\377\000S\000o\000m\000e\000\040\000o\000t\000h\000e\000r\000\040\000s\000e\000c\000t\000i\000o\000n}{chapter.2}% 19
\BOOKMARK [0][-]{appendix.1.A}{\376\377\000A\000p\000p\000e\000n\000d\000i\000x\000\040\000T\000h\000i\000s\000\040\000i\000s\000\040\000a\000n\000\040\000a\000p\000p\000e\000n\000d\000i\000x}{}% 20
\BOOKMARK [1][-]{section.1.A.1}{\376\377\000A\000p\000p\000e\000n\000d\000i\000x\000\040\000s\000e\000c\000t\000i\000o\000n}{appendix.1.A}% 21
\BOOKMARK [1][-]{section.1.A.2}{\376\377\000A\000p\000p\000e\000n\000d\000i\000x\000\040\000s\000e\000c\000t\000i\000o\000n}{appendix.1.A}% 22
\BOOKMARK [0][-]{appendix.1.B}{\376\377\000A\000p\000p\000e\000n\000d\000i\000x\000\040\000H\000e\000a\000d\000i\000n\000g\000\040\000o\000n\000\040\000l\000e\000v\000e\000l\000\040\0000\000\040\000\050\000c\000h\000a\000p\000t\000e\000r\000\051}{}% 23
\BOOKMARK [1][-]{section.1.B.1}{\376\377\000H\000e\000a\000d\000i\000n\000g\000\040\000o\000n\000\040\000l\000e\000v\000e\000l\000\040\0001\000\040\000\050\000s\000e\000c\000t\000i\000o\000n\000\051}{appendix.1.B}% 24
\BOOKMARK [2][-]{subsection.1.B.1.1}{\376\377\000H\000e\000a\000d\000i\000n\000g\000\040\000o\000n\000\040\000l\000e\000v\000e\000l\000\040\0002\000\040\000\050\000s\000u\000b\000s\000e\000c\000t\000i\000o\000n\000\051}{section.1.B.1}% 25
\BOOKMARK [1][-]{section.1.B.2}{\376\377\000L\000i\000s\000t\000s}{appendix.1.B}% 26
\BOOKMARK [2][-]{subsection.1.B.2.1}{\376\377\000E\000x\000a\000m\000p\000l\000e\000\040\000f\000o\000r\000\040\000l\000i\000s\000t\000\040\000\050\000i\000t\000e\000m\000i\000z\000e\000\051}{section.1.B.2}% 27
\BOOKMARK [2][-]{subsection.1.B.2.2}{\376\377\000E\000x\000a\000m\000p\000l\000e\000\040\000f\000o\000r\000\040\000l\000i\000s\000t\000\040\000\050\000e\000n\000u\000m\000e\000r\000a\000t\000e\000\051}{section.1.B.2}% 28
\BOOKMARK [2][-]{subsection.1.B.2.3}{\376\377\000E\000x\000a\000m\000p\000l\000e\000\040\000f\000o\000r\000\040\000l\000i\000s\000t\000\040\000\050\000d\000e\000s\000c\000r\000i\000p\000t\000i\000o\000n\000\051}{section.1.B.2}% 29
\BOOKMARK [0][-]{appendix*.16}{\376\377\000B\000i\000b\000l\000i\000o\000g\000r\000a\000p\000h\000y}{}% 30
